Change Value of Parameter Manufacturer in Part XS? Old= New=NINGBO DEGSON ELECTRICAL CO.,LTD.
Change Value of Parameter Manufacturer in Part XP? Old= New=NINGBO DEGSON ELECTRICAL CO.,LTD.
Change Value of Parameter Manufacturer in Part XP? Old= New=NINGBO DEGSON ELECTRICAL CO.,LTD.
Change Value of Parameter Manufacturer in Part XP? Old= New=NINGBO DEGSON ELECTRICAL CO.,LTD.
Change Value of Parameter Manufacturer in Part XP? Old= New=NINGBO DEGSON ELECTRICAL CO.,LTD.
Change Value of Parameter Manufacturer in Part XS? Old= New=NINGBO DEGSON ELECTRICAL CO.,LTD.
Change Value of Parameter Manufacturer in Part XP? Old= New=NINGBO DEGSON ELECTRICAL CO.,LTD.
Change Value of Parameter Manufacturer in Part XS? Old= New=NINGBO DEGSON ELECTRICAL CO.,LTD.
Change Value of Parameter Manufacturer in Part XS? Old= New=NINGBO DEGSON ELECTRICAL CO.,LTD.
Change Value of Parameter Manufacturer in Part XS? Old= New=NINGBO DEGSON ELECTRICAL CO.,LTD.
Change Value of Parameter Manufacturer in Part XS? Old= New=NINGBO DEGSON ELECTRICAL CO.,LTD.
Change Value of Parameter Manufacturer in Part XS? Old= New=NINGBO DEGSON ELECTRICAL CO.,LTD.
Change Value of Parameter Manufacturer in Part XS? Old= New=NINGBO DEGSON ELECTRICAL CO.,LTD.
Change Value of Parameter Manufacturer in Part XS? Old= New=NINGBO DEGSON ELECTRICAL CO.,LTD.
Change Value of Parameter Manufacturer in Part XS? Old= New=NINGBO DEGSON ELECTRICAL CO.,LTD.
Change Value of Parameter Manufacturer in Part XS? Old= New=NINGBO DEGSON ELECTRICAL CO.,LTD.
Change Value of Parameter Manufacturer in Part XS? Old= New=NINGBO DEGSON ELECTRICAL CO.,LTD.
Change Value of Parameter Manufacturer in Part XS? Old= New=NINGBO DEGSON ELECTRICAL CO.,LTD.
Change Value of Parameter Manufacturer in Part XP? Old= New=NINGBO DEGSON ELECTRICAL CO.,LTD.
Change Value of Parameter Manufacturer in Part XP? Old= New=NINGBO DEGSON ELECTRICAL CO.,LTD.
Change Value of Parameter Manufacturer in Part SB? Old= New=NINGBO DEGSON ELECTRICAL CO.,LTD.
Change Value of Parameter Manufacturer in Part XS? Old= New=NINGBO DEGSON ELECTRICAL CO.,LTD.
Change Value of Parameter Manufacturer in Part XS? Old= New=NINGBO DEGSON ELECTRICAL CO.,LTD.
Change Value of Parameter Manufacturer in Part XS? Old=Connfly Electronic Co. Ltd New=NINGBO DEGSON ELECTRICAL CO.,LTD.
Change Value of Parameter Manufacturer in Part X? Old= New=NINGBO DEGSON ELECTRICAL CO.,LTD.
Change Value of Parameter Manufacturer in Part X? Old= New=NINGBO DEGSON ELECTRICAL CO.,LTD.
Change Value of Parameter Manufacturer in Part SB? Old=NINGBO KLS ELECRONIC CO.LTD New=NINGBO KLS ELECTRONIC CO.LTD
Change Value of Parameter Manufacturer in Part VD? Old= New=LESHAN RADIO COMPANY, LTD
Change Value of Parameter Manufacturer in Part U? Old=ST New=STMicroelectronics
Change Value of Parameter Manufacturer in Part VD? Old= New=LESHAN RADIO COMPANY, LTD
Change Value of Parameter Manufacturer in Part VD? Old= New=STMicroelectronics
Change Value of Parameter Manufacturer in Part VD? Old= New=STMicroelectronics
Change Value of Parameter Manufacturer in Part U? Old= New=MORNSUN Guangzhou Science & Technology Co., Ltd.
