Added Parameter Manufacturer= to Part XS?
Added Parameter Manufacturer= to Part G?
Added Parameter Manufacturer= to Part XS?
Added Parameter Manufacturer= to Part U?
Added Parameter Manufacturer= to Part XS?
Added Parameter Manufacturer= to Part U?
Added Parameter Manufacturer= to Part Y?
Added Parameter Manufacturer= to Part U?
Added Parameter Manufacturer= to Part U?
Added Parameter Manufacturer= to Part U?
Added Parameter Manufacturer= to Part U?
Added Parameter Manufacturer= to Part U?
Added Parameter Manufacturer= to Part U?
Added Parameter Manufacturer= to Part XS?
Added Parameter Manufacturer= to Part GDT?
Added Parameter Manufacturer= to Part L?
Added Parameter Manufacturer= to Part L?
Added Parameter Manufacturer= to Part D?
Added Parameter Manufacturer= to Part VT?
Added Parameter Manufacturer= to Part L?
Added Parameter Manufacturer= to Part VT?
Added Parameter Manufacturer= to Part VT?
Added Parameter Manufacturer= to Part VT?
Added Parameter Manufacturer= to Part C?
Added Parameter Manufacturer= to Part C?
Added Parameter Manufacturer= to Part C?
Added Parameter Manufacturer= to Part L?
Added Parameter Manufacturer= to Part XS?
Added Parameter Manufacturer= to Part XS?
Added Parameter Manufacturer= to Part XS?
Added Parameter Manufacturer= to Part VD?
Added Parameter Manufacturer= to Part XT?
Added Parameter Manufacturer= to Part XT?
Added Parameter Manufacturer= to Part XT?
Added Parameter Manufacturer= to Part X?
Added Parameter Manufacturer= to Part X?
Added Parameter Manufacturer= to Part X?
Added Parameter Manufacturer= to Part D?
Added Parameter Manufacturer= to Part XP?
Added Parameter Manufacturer= to Part XP?
Added Parameter Manufacturer= to Part XT?
Added Parameter Manufacturer= to Part XT?
Added Parameter Manufacturer= to Part XT?
Added Parameter Manufacturer= to Part U?
Added Parameter Manufacturer= to Part XP?
Added Parameter Manufacturer= to Part XP?
Added Parameter Manufacturer= to Part XP?
Added Parameter Manufacturer= to Part XP?
Added Parameter Manufacturer= to Part XS?
Added Parameter Manufacturer= to Part XP?
Added Parameter Manufacturer= to Part XS?
Added Parameter Manufacturer= to Part XS?
Added Parameter Manufacturer= to Part XS?
Added Parameter Manufacturer= to Part XS?
Added Parameter Manufacturer= to Part XS?
Added Parameter Manufacturer= to Part XS?
Added Parameter Manufacturer= to Part XS?
Added Parameter Manufacturer= to Part XS?
Added Parameter Manufacturer= to Part XS?
Added Parameter Manufacturer= to Part XS?
Added Parameter Manufacturer= to Part XS?
Added Parameter Manufacturer= to Part XP?
Added Parameter Manufacturer= to Part XP?
Added Parameter Manufacturer= to Part SB?
Added Parameter Manufacturer= to Part XS?
Added Parameter Manufacturer= to Part XS?
Added Parameter Manufacturer= to Part X?
Added Parameter Manufacturer= to Part X?
Added Parameter Manufacturer= to Part C?
Added Parameter Manufacturer= to Part F?
Added Parameter Manufacturer= to Part U?
Added Parameter Manufacturer= to Part XP?
Added Parameter Manufacturer= to Part FB?
Added Parameter Manufacturer= to Part FM?
Added Parameter Manufacturer= to Part D?
Added Parameter Manufacturer= to Part D?
Added Parameter Manufacturer= to Part U?
Added Parameter Manufacturer= to Part U?
Added Parameter Manufacturer= to Part U?
Added Parameter Manufacturer= to Part L?
Added Parameter Manufacturer= to Part VD?
Added Parameter Manufacturer= to Part D?
Added Parameter Manufacturer= to Part SA?
Added Parameter Manufacturer= to Part U?
Added Parameter Manufacturer= to Part U?
Added Parameter Manufacturer= to Part D?
Added Parameter Manufacturer= to Part VD?
Added Parameter Manufacturer= to Part U?
Added Parameter Manufacturer= to Part VD?
Added Parameter Manufacturer= to Part U?
Added Parameter Manufacturer= to Part U?
Added Parameter Manufacturer= to Part U?
Added Parameter Manufacturer= to Part U?
Added Parameter Manufacturer= to Part U?
Added Parameter Manufacturer= to Part VD?
Added Parameter Manufacturer= to Part D?
Added Parameter Manufacturer= to Part U?
Added Parameter Manufacturer= to Part U?
Added Parameter Manufacturer= to Part U?
Added Parameter Manufacturer= to Part 
Added Parameter Manufacturer= to Part L?
Added Parameter Manufacturer= to Part L?
Added Parameter Manufacturer= to Part L?
Added Parameter Manufacturer= to Part U?
Added Parameter Manufacturer= to Part U?
Added Parameter Manufacturer= to Part U?
Added Parameter Manufacturer= to Part U?
Added Parameter Manufacturer= to Part VT?
Added Parameter Manufacturer= to Part U?
Added Parameter Manufacturer= to Part D?
Added Parameter Manufacturer= to Part F?
Added Parameter Manufacturer= to Part XS?
Added Parameter Manufacturer= to Part J?
Added Parameter Manufacturer= to Part U?
Added Parameter Manufacturer= to Part VT?
Added Parameter Manufacturer= to Part U?
Added Parameter Manufacturer= to Part U?
Added Parameter Manufacturer= to Part L?
Added Parameter Manufacturer= to Part C?
Added Parameter Manufacturer= to Part U?
Added Parameter Manufacturer= to Part D?
Added Parameter Manufacturer= to Part VD?
Added Parameter Manufacturer= to Part VD?
Added Parameter Manufacturer= to Part VD?
Added Parameter Manufacturer= to Part VD?
Added Parameter Manufacturer= to Part VD?
Added Parameter Manufacturer= to Part C?
Added Parameter Manufacturer= to Part C?
Added Parameter Manufacturer= to Part C?
Added Parameter Manufacturer= to Part U?
Added Parameter Manufacturer= to Part U?
Added Parameter Manufacturer= to Part U?
Added Parameter Manufacturer= to Part SA?
Added Parameter Manufacturer= to Part D?
Added Parameter Manufacturer= to Part U?
Added Parameter Manufacturer= to Part U?
Added Parameter Manufacturer= to Part U?
Added Parameter Manufacturer= to Part T?
Added Parameter Manufacturer= to Part U?
Added Parameter Manufacturer= to Part *
Added Parameter Manufacturer= to Part OP?
Added Parameter Manufacturer= to Part U?
Added Parameter Manufacturer= to Part C?
Added Parameter Manufacturer= to Part XS?
Added Parameter Manufacturer= to Part XS?
Added Parameter Manufacturer= to Part XS?
Added Parameter Manufacturer= to Part XS?
Added Parameter Manufacturer= to Part VT?
Added Parameter Manufacturer= to Part D?
Added Parameter Manufacturer= to Part C?
Added Parameter Manufacturer= to Part U?
Added Parameter Manufacturer= to Part Y?
Added Parameter Manufacturer= to Part CM?
